2012-11-27 14:40:10 Error: [MissingViewException] View file "C:\wamp\www\cake\app\View\registration\index.ctp" is missing.
#0 C:\wamp\www\cake\lib\Cake\View\View.php(460): View->_getViewFileName(NULL)
#1 C:\wamp\www\cake\lib\Cake\Controller\Controller.php(959): View->render(NULL, NULL)
#2 C:\wamp\www\cake\lib\Cake\Routing\Dispatcher.php(110): Controller->render()
#3 C:\wamp\www\cake\lib\Cake\Routing\Dispatcher.php(85): Dispatcher->_invoke(Object(RegistrationController), Object(CakeRequest), Object(CakeResponse))
#4 C:\wamp\www\cake\app\webroot\index.php(96): Dispatcher->dispatch(Object(CakeRequest), Object(CakeResponse))
#5 {main}
2012-11-27 16:54:20 Error: [MissingActionException] Action registrationController::index() could not be found.
#0 C:\wamp\www\cake\lib\Cake\Routing\Dispatcher.php(103): Controller->invokeAction(Object(CakeRequest))
#1 C:\wamp\www\cake\lib\Cake\Routing\Dispatcher.php(85): Dispatcher->_invoke(Object(RegistrationController), Object(CakeRequest), Object(CakeResponse))
#2 C:\wamp\www\cake\app\webroot\index.php(96): Dispatcher->dispatch(Object(CakeRequest), Object(CakeResponse))
#3 {main}
2012-11-27 17:00:27 Error: [MissingTableException] Table registrations for model registration was not found in datasource default.
#0 C:\wamp\www\cake\lib\Cake\Model\Model.php(3398): Model->setSource('registrations')
#1 C:\wamp\www\cake\lib\Cake\Model\Model.php(1276): Model->getDataSource()
#2 C:\wamp\www\cake\lib\Cake\View\Helper\FormHelper.php(191): Model->schema()
#3 C:\wamp\www\cake\lib\Cake\View\Helper\FormHelper.php(444): FormHelper->_introspectModel('registration', 'fields')
#4 C:\wamp\www\cake\app\View\Registration\index.ctp(4): FormHelper->create('registration')
#5 C:\wamp\www\cake\lib\Cake\View\View.php(908): include('C:\wamp\www\cak...')
#6 C:\wamp\www\cake\lib\Cake\View\View.php(872): View->_evaluate('C:\wamp\www\cak...', Array)
#7 C:\wamp\www\cake\lib\Cake\View\View.php(463): View->_render('C:\wamp\www\cak...')
#8 C:\wamp\www\cake\lib\Cake\Controller\Controller.php(959): View->render(NULL, NULL)
#9 C:\wamp\www\cake\lib\Cake\Routing\Dispatcher.php(110): Controller->render()
#10 C:\wamp\www\cake\lib\Cake\Routing\Dispatcher.php(85): Dispatcher->_invoke(Object(RegistrationController), Object(CakeRequest), Object(CakeResponse))
#11 C:\wamp\www\cake\app\webroot\index.php(96): Dispatcher->dispatch(Object(CakeRequest), Object(CakeResponse))
#12 {main}
2012-11-28 08:04:19 Error: [MissingControllerException] Controller class RegistrationController could not be found.
#0 C:\wamp\www\cake\app\webroot\index.php(96): Dispatcher->dispatch(Object(CakeRequest), Object(CakeResponse))
#1 {main}
2012-11-28 08:05:23 Error: [MissingControllerException] Controller class RegistrationController could not be found.
#0 C:\wamp\www\cake\app\webroot\index.php(96): Dispatcher->dispatch(Object(CakeRequest), Object(CakeResponse))
#1 {main}
2012-11-28 08:05:26 Error: [MissingControllerException] Controller class RegistrationController could not be found.
#0 C:\wamp\www\cake\app\webroot\index.php(96): Dispatcher->dispatch(Object(CakeRequest), Object(CakeResponse))
#1 {main}
2012-11-28 08:05:29 Error: [MissingControllerException] Controller class RegistrationController could not be found.
#0 C:\wamp\www\cake\app\webroot\index.php(96): Dispatcher->dispatch(Object(CakeRequest), Object(CakeResponse))
#1 {main}
2012-11-28 08:06:15 Error: [MissingControllerException] Controller class RegistrationController could not be found.
#0 C:\wamp\www\cake\app\webroot\index.php(96): Dispatcher->dispatch(Object(CakeRequest), Object(CakeResponse))
#1 {main}
2012-11-28 08:06:17 Error: [MissingControllerException] Controller class RegistrationController could not be found.
#0 C:\wamp\www\cake\app\webroot\index.php(96): Dispatcher->dispatch(Object(CakeRequest), Object(CakeResponse))
#1 {main}
2012-11-28 08:12:55 Error: [MissingControllerException] Controller class RegistrationController could not be found.
#0 C:\wamp\www\cake\app\webroot\index.php(96): Dispatcher->dispatch(Object(CakeRequest), Object(CakeResponse))
#1 {main}
2012-11-28 08:12:57 Error: [MissingControllerException] Controller class RegistrationController could not be found.
#0 C:\wamp\www\cake\app\webroot\index.php(96): Dispatcher->dispatch(Object(CakeRequest), Object(CakeResponse))
#1 {main}
2012-11-28 08:13:38 Error: [MissingControllerException] Controller class RegistrationController could not be found.
#0 C:\wamp\www\cake\app\webroot\index.php(96): Dispatcher->dispatch(Object(CakeRequest), Object(CakeResponse))
#1 {main}
2012-11-28 08:19:44 Error: [MissingControllerException] Controller class RegistrationController could not be found.
#0 C:\wamp\www\cake\app\webroot\index.php(96): Dispatcher->dispatch(Object(CakeRequest), Object(CakeResponse))
#1 {main}
2012-11-28 08:19:46 Error: [MissingControllerException] Controller class RegistrationController could not be found.
#0 C:\wamp\www\cake\app\webroot\index.php(96): Dispatcher->dispatch(Object(CakeRequest), Object(CakeResponse))
#1 {main}
2012-11-28 08:36:17 Error: [MissingViewException] View file "C:\wamp\www\cake\app\View\User\index.ctp" is missing.
#0 C:\wamp\www\cake\lib\Cake\View\View.php(460): View->_getViewFileName(NULL)
#1 C:\wamp\www\cake\lib\Cake\Controller\Controller.php(959): View->render(NULL, NULL)
#2 C:\wamp\www\cake\lib\Cake\Routing\Dispatcher.php(110): Controller->render()
#3 C:\wamp\www\cake\lib\Cake\Routing\Dispatcher.php(85): Dispatcher->_invoke(Object(UserController), Object(CakeRequest), Object(CakeResponse))
#4 C:\wamp\www\cake\app\webroot\index.php(96): Dispatcher->dispatch(Object(CakeRequest), Object(CakeResponse))
#5 {main}
2012-11-28 08:36:26 Error: [MissingActionException] Action UserController::Registration() could not be found.
#0 C:\wamp\www\cake\lib\Cake\Routing\Dispatcher.php(103): Controller->invokeAction(Object(CakeRequest))
#1 C:\wamp\www\cake\lib\Cake\Routing\Dispatcher.php(85): Dispatcher->_invoke(Object(UserController), Object(CakeRequest), Object(CakeResponse))
#2 C:\wamp\www\cake\app\webroot\index.php(96): Dispatcher->dispatch(Object(CakeRequest), Object(CakeResponse))
#3 {main}
2012-11-28 16:13:25 Error: [SocketException] Could not send email.
#0 C:\wamp\www\cake\lib\Cake\Network\Email\CakeEmail.php(972): MailTransport->send(Object(CakeEmail))
#1 C:\wamp\www\cake\app\Controller\UserController.php(34): CakeEmail->send()
#2 [internal function]: UserController->Registration()
#3 C:\wamp\www\cake\lib\Cake\Controller\Controller.php(485): ReflectionMethod->invokeArgs(Object(UserController), Array)
#4 C:\wamp\www\cake\lib\Cake\Routing\Dispatcher.php(103): Controller->invokeAction(Object(CakeRequest))
#5 C:\wamp\www\cake\lib\Cake\Routing\Dispatcher.php(85): Dispatcher->_invoke(Object(UserController), Object(CakeRequest), Object(CakeResponse))
#6 C:\wamp\www\cake\app\webroot\index.php(96): Dispatcher->dispatch(Object(CakeRequest), Object(CakeResponse))
#7 {main}
2012-11-28 16:18:23 Error: [SocketException] Could not send email.
#0 C:\wamp\www\cake\lib\Cake\Network\Email\CakeEmail.php(972): MailTransport->send(Object(CakeEmail))
#1 C:\wamp\www\cake\app\Controller\UserController.php(34): CakeEmail->send()
#2 [internal function]: UserController->Registration()
#3 C:\wamp\www\cake\lib\Cake\Controller\Controller.php(485): ReflectionMethod->invokeArgs(Object(UserController), Array)
#4 C:\wamp\www\cake\lib\Cake\Routing\Dispatcher.php(103): Controller->invokeAction(Object(CakeRequest))
#5 C:\wamp\www\cake\lib\Cake\Routing\Dispatcher.php(85): Dispatcher->_invoke(Object(UserController), Object(CakeRequest), Object(CakeResponse))
#6 C:\wamp\www\cake\app\webroot\index.php(96): Dispatcher->dispatch(Object(CakeRequest), Object(CakeResponse))
#7 {main}
2012-11-28 16:32:06 Error: [SocketException] Could not send email.
#0 C:\wamp\www\cake\lib\Cake\Network\Email\CakeEmail.php(972): MailTransport->send(Object(CakeEmail))
#1 C:\wamp\www\cake\app\Controller\UserController.php(34): CakeEmail->send()
#2 [internal function]: UserController->Registration()
#3 C:\wamp\www\cake\lib\Cake\Controller\Controller.php(485): ReflectionMethod->invokeArgs(Object(UserController), Array)
#4 C:\wamp\www\cake\lib\Cake\Routing\Dispatcher.php(103): Controller->invokeAction(Object(CakeRequest))
#5 C:\wamp\www\cake\lib\Cake\Routing\Dispatcher.php(85): Dispatcher->_invoke(Object(UserController), Object(CakeRequest), Object(CakeResponse))
#6 C:\wamp\www\cake\app\webroot\index.php(96): Dispatcher->dispatch(Object(CakeRequest), Object(CakeResponse))
#7 {main}
2012-11-28 16:35:45 Error: [SocketException] Could not send email.
#0 C:\wamp\www\cake\lib\Cake\Network\Email\CakeEmail.php(972): MailTransport->send(Object(CakeEmail))
#1 C:\wamp\www\cake\app\Controller\UserController.php(34): CakeEmail->send()
#2 [internal function]: UserController->Registration()
#3 C:\wamp\www\cake\lib\Cake\Controller\Controller.php(485): ReflectionMethod->invokeArgs(Object(UserController), Array)
#4 C:\wamp\www\cake\lib\Cake\Routing\Dispatcher.php(103): Controller->invokeAction(Object(CakeRequest))
#5 C:\wamp\www\cake\lib\Cake\Routing\Dispatcher.php(85): Dispatcher->_invoke(Object(UserController), Object(CakeRequest), Object(CakeResponse))
#6 C:\wamp\www\cake\app\webroot\index.php(96): Dispatcher->dispatch(Object(CakeRequest), Object(CakeResponse))
#7 {main}
2012-11-28 16:46:02 Error: [SocketException] Could not send email.
#0 C:\wamp\www\cake\lib\Cake\Network\Email\CakeEmail.php(972): MailTransport->send(Object(CakeEmail))
#1 C:\wamp\www\cake\app\Controller\UserController.php(34): CakeEmail->send()
#2 [internal function]: UserController->Registration()
#3 C:\wamp\www\cake\lib\Cake\Controller\Controller.php(485): ReflectionMethod->invokeArgs(Object(UserController), Array)
#4 C:\wamp\www\cake\lib\Cake\Routing\Dispatcher.php(103): Controller->invokeAction(Object(CakeRequest))
#5 C:\wamp\www\cake\lib\Cake\Routing\Dispatcher.php(85): Dispatcher->_invoke(Object(UserController), Object(CakeRequest), Object(CakeResponse))
#6 C:\wamp\www\cake\app\webroot\index.php(96): Dispatcher->dispatch(Object(CakeRequest), Object(CakeResponse))
#7 {main}
2012-11-28 16:46:42 Error: [SocketException] Could not send email.
#0 C:\wamp\www\cake\lib\Cake\Network\Email\CakeEmail.php(972): MailTransport->send(Object(CakeEmail))
#1 C:\wamp\www\cake\app\Controller\UserController.php(34): CakeEmail->send()
#2 [internal function]: UserController->Registration()
#3 C:\wamp\www\cake\lib\Cake\Controller\Controller.php(485): ReflectionMethod->invokeArgs(Object(UserController), Array)
#4 C:\wamp\www\cake\lib\Cake\Routing\Dispatcher.php(103): Controller->invokeAction(Object(CakeRequest))
#5 C:\wamp\www\cake\lib\Cake\Routing\Dispatcher.php(85): Dispatcher->_invoke(Object(UserController), Object(CakeRequest), Object(CakeResponse))
#6 C:\wamp\www\cake\app\webroot\index.php(96): Dispatcher->dispatch(Object(CakeRequest), Object(CakeResponse))
#7 {main}
2012-11-28 16:52:44 Error: [SocketException] Could not send email.
#0 C:\wamp\www\cake\lib\Cake\Network\Email\CakeEmail.php(972): MailTransport->send(Object(CakeEmail))
#1 C:\wamp\www\cake\app\Controller\UserController.php(34): CakeEmail->send()
#2 [internal function]: UserController->Registration()
#3 C:\wamp\www\cake\lib\Cake\Controller\Controller.php(485): ReflectionMethod->invokeArgs(Object(UserController), Array)
#4 C:\wamp\www\cake\lib\Cake\Routing\Dispatcher.php(103): Controller->invokeAction(Object(CakeRequest))
#5 C:\wamp\www\cake\lib\Cake\Routing\Dispatcher.php(85): Dispatcher->_invoke(Object(UserController), Object(CakeRequest), Object(CakeResponse))
#6 C:\wamp\www\cake\app\webroot\index.php(96): Dispatcher->dispatch(Object(CakeRequest), Object(CakeResponse))
#7 {main}
2012-11-28 16:54:55 Error: [SocketException] Could not send email.
#0 C:\wamp\www\cake\lib\Cake\Network\Email\CakeEmail.php(972): MailTransport->send(Object(CakeEmail))
#1 C:\wamp\www\cake\app\Controller\UserController.php(34): CakeEmail->send()
#2 [internal function]: UserController->Registration()
#3 C:\wamp\www\cake\lib\Cake\Controller\Controller.php(485): ReflectionMethod->invokeArgs(Object(UserController), Array)
#4 C:\wamp\www\cake\lib\Cake\Routing\Dispatcher.php(103): Controller->invokeAction(Object(CakeRequest))
#5 C:\wamp\www\cake\lib\Cake\Routing\Dispatcher.php(85): Dispatcher->_invoke(Object(UserController), Object(CakeRequest), Object(CakeResponse))
#6 C:\wamp\www\cake\app\webroot\index.php(96): Dispatcher->dispatch(Object(CakeRequest), Object(CakeResponse))
#7 {main}
2012-11-28 16:55:59 Error: [SocketException] Could not send email.
#0 C:\wamp\www\cake\lib\Cake\Network\Email\CakeEmail.php(972): MailTransport->send(Object(CakeEmail))
#1 C:\wamp\www\cake\app\Controller\UserController.php(34): CakeEmail->send()
#2 [internal function]: UserController->Registration()
#3 C:\wamp\www\cake\lib\Cake\Controller\Controller.php(485): ReflectionMethod->invokeArgs(Object(UserController), Array)
#4 C:\wamp\www\cake\lib\Cake\Routing\Dispatcher.php(103): Controller->invokeAction(Object(CakeRequest))
#5 C:\wamp\www\cake\lib\Cake\Routing\Dispatcher.php(85): Dispatcher->_invoke(Object(UserController), Object(CakeRequest), Object(CakeResponse))
#6 C:\wamp\www\cake\app\webroot\index.php(96): Dispatcher->dispatch(Object(CakeRequest), Object(CakeResponse))
#7 {main}
2012-11-28 16:56:35 Error: [SocketException] Could not send email.
#0 C:\wamp\www\cake\lib\Cake\Network\Email\CakeEmail.php(972): MailTransport->send(Object(CakeEmail))
#1 C:\wamp\www\cake\app\Controller\UserController.php(34): CakeEmail->send()
#2 [internal function]: UserController->Registration()
#3 C:\wamp\www\cake\lib\Cake\Controller\Controller.php(485): ReflectionMethod->invokeArgs(Object(UserController), Array)
#4 C:\wamp\www\cake\lib\Cake\Routing\Dispatcher.php(103): Controller->invokeAction(Object(CakeRequest))
#5 C:\wamp\www\cake\lib\Cake\Routing\Dispatcher.php(85): Dispatcher->_invoke(Object(UserController), Object(CakeRequest), Object(CakeResponse))
#6 C:\wamp\www\cake\app\webroot\index.php(96): Dispatcher->dispatch(Object(CakeRequest), Object(CakeResponse))
#7 {main}
2012-11-28 16:59:16 Error: [SocketException] Could not send email.
#0 C:\wamp\www\cake\lib\Cake\Network\Email\CakeEmail.php(972): MailTransport->send(Object(CakeEmail))
#1 C:\wamp\www\cake\app\Controller\UserController.php(34): CakeEmail->send()
#2 [internal function]: UserController->Registration()
#3 C:\wamp\www\cake\lib\Cake\Controller\Controller.php(485): ReflectionMethod->invokeArgs(Object(UserController), Array)
#4 C:\wamp\www\cake\lib\Cake\Routing\Dispatcher.php(103): Controller->invokeAction(Object(CakeRequest))
#5 C:\wamp\www\cake\lib\Cake\Routing\Dispatcher.php(85): Dispatcher->_invoke(Object(UserController), Object(CakeRequest), Object(CakeResponse))
#6 C:\wamp\www\cake\app\webroot\index.php(96): Dispatcher->dispatch(Object(CakeRequest), Object(CakeResponse))
#7 {main}
2012-11-28 17:00:12 Error: [SocketException] Could not send email.
#0 C:\wamp\www\cake\lib\Cake\Network\Email\CakeEmail.php(972): MailTransport->send(Object(CakeEmail))
#1 C:\wamp\www\cake\app\Controller\UserController.php(34): CakeEmail->send()
#2 [internal function]: UserController->Registration()
#3 C:\wamp\www\cake\lib\Cake\Controller\Controller.php(485): ReflectionMethod->invokeArgs(Object(UserController), Array)
#4 C:\wamp\www\cake\lib\Cake\Routing\Dispatcher.php(103): Controller->invokeAction(Object(CakeRequest))
#5 C:\wamp\www\cake\lib\Cake\Routing\Dispatcher.php(85): Dispatcher->_invoke(Object(UserController), Object(CakeRequest), Object(CakeResponse))
#6 C:\wamp\www\cake\app\webroot\index.php(96): Dispatcher->dispatch(Object(CakeRequest), Object(CakeResponse))
#7 {main}
2012-11-28 17:05:48 Error: [SocketException] Could not send email.
#0 C:\wamp\www\cake\lib\Cake\Network\Email\CakeEmail.php(972): MailTransport->send(Object(CakeEmail))
#1 C:\wamp\www\cake\app\Controller\UserController.php(34): CakeEmail->send()
#2 [internal function]: UserController->Registration()
#3 C:\wamp\www\cake\lib\Cake\Controller\Controller.php(485): ReflectionMethod->invokeArgs(Object(UserController), Array)
#4 C:\wamp\www\cake\lib\Cake\Routing\Dispatcher.php(103): Controller->invokeAction(Object(CakeRequest))
#5 C:\wamp\www\cake\lib\Cake\Routing\Dispatcher.php(85): Dispatcher->_invoke(Object(UserController), Object(CakeRequest), Object(CakeResponse))
#6 C:\wamp\www\cake\app\webroot\index.php(96): Dispatcher->dispatch(Object(CakeRequest), Object(CakeResponse))
#7 {main}
2012-11-28 17:06:35 Error: [SocketException] Could not send email.
#0 C:\wamp\www\cake\lib\Cake\Network\Email\CakeEmail.php(972): MailTransport->send(Object(CakeEmail))
#1 C:\wamp\www\cake\app\Controller\UserController.php(34): CakeEmail->send()
#2 [internal function]: UserController->Registration()
#3 C:\wamp\www\cake\lib\Cake\Controller\Controller.php(485): ReflectionMethod->invokeArgs(Object(UserController), Array)
#4 C:\wamp\www\cake\lib\Cake\Routing\Dispatcher.php(103): Controller->invokeAction(Object(CakeRequest))
#5 C:\wamp\www\cake\lib\Cake\Routing\Dispatcher.php(85): Dispatcher->_invoke(Object(UserController), Object(CakeRequest), Object(CakeResponse))
#6 C:\wamp\www\cake\app\webroot\index.php(96): Dispatcher->dispatch(Object(CakeRequest), Object(CakeResponse))
#7 {main}
2012-11-29 08:27:25 Error: [SocketException] Could not send email.
#0 C:\wamp\www\cake\lib\Cake\Network\Email\CakeEmail.php(972): MailTransport->send(Object(CakeEmail))
#1 C:\wamp\www\cake\app\Controller\UserController.php(34): CakeEmail->send()
#2 [internal function]: UserController->Registration()
#3 C:\wamp\www\cake\lib\Cake\Controller\Controller.php(485): ReflectionMethod->invokeArgs(Object(UserController), Array)
#4 C:\wamp\www\cake\lib\Cake\Routing\Dispatcher.php(103): Controller->invokeAction(Object(CakeRequest))
#5 C:\wamp\www\cake\lib\Cake\Routing\Dispatcher.php(85): Dispatcher->_invoke(Object(UserController), Object(CakeRequest), Object(CakeResponse))
#6 C:\wamp\www\cake\app\webroot\index.php(96): Dispatcher->dispatch(Object(CakeRequest), Object(CakeResponse))
#7 {main}
2012-11-29 08:29:03 Error: [SocketException] Could not send email.
#0 C:\wamp\www\cake\lib\Cake\Network\Email\CakeEmail.php(972): MailTransport->send(Object(CakeEmail))
#1 C:\wamp\www\cake\app\Controller\UserController.php(34): CakeEmail->send()
#2 [internal function]: UserController->Registration()
#3 C:\wamp\www\cake\lib\Cake\Controller\Controller.php(485): ReflectionMethod->invokeArgs(Object(UserController), Array)
#4 C:\wamp\www\cake\lib\Cake\Routing\Dispatcher.php(103): Controller->invokeAction(Object(CakeRequest))
#5 C:\wamp\www\cake\lib\Cake\Routing\Dispatcher.php(85): Dispatcher->_invoke(Object(UserController), Object(CakeRequest), Object(CakeResponse))
#6 C:\wamp\www\cake\app\webroot\index.php(96): Dispatcher->dispatch(Object(CakeRequest), Object(CakeResponse))
#7 {main}
2012-11-29 08:32:40 Error: [SocketException] Could not send email.
#0 C:\wamp\www\cake\lib\Cake\Network\Email\CakeEmail.php(972): MailTransport->send(Object(CakeEmail))
#1 C:\wamp\www\cake\app\Controller\UserController.php(34): CakeEmail->send()
#2 [internal function]: UserController->Registration()
#3 C:\wamp\www\cake\lib\Cake\Controller\Controller.php(485): ReflectionMethod->invokeArgs(Object(UserController), Array)
#4 C:\wamp\www\cake\lib\Cake\Routing\Dispatcher.php(103): Controller->invokeAction(Object(CakeRequest))
#5 C:\wamp\www\cake\lib\Cake\Routing\Dispatcher.php(85): Dispatcher->_invoke(Object(UserController), Object(CakeRequest), Object(CakeResponse))
#6 C:\wamp\www\cake\app\webroot\index.php(96): Dispatcher->dispatch(Object(CakeRequest), Object(CakeResponse))
#7 {main}
2012-11-29 08:35:18 Error: [SocketException] Could not send email.
#0 C:\wamp\www\cake\lib\Cake\Network\Email\CakeEmail.php(972): MailTransport->send(Object(CakeEmail))
#1 C:\wamp\www\cake\app\Controller\UserController.php(34): CakeEmail->send()
#2 [internal function]: UserController->Registration()
#3 C:\wamp\www\cake\lib\Cake\Controller\Controller.php(485): ReflectionMethod->invokeArgs(Object(UserController), Array)
#4 C:\wamp\www\cake\lib\Cake\Routing\Dispatcher.php(103): Controller->invokeAction(Object(CakeRequest))
#5 C:\wamp\www\cake\lib\Cake\Routing\Dispatcher.php(85): Dispatcher->_invoke(Object(UserController), Object(CakeRequest), Object(CakeResponse))
#6 C:\wamp\www\cake\app\webroot\index.php(96): Dispatcher->dispatch(Object(CakeRequest), Object(CakeResponse))
#7 {main}
2012-11-29 08:46:05 Error: [SocketException] Could not send email.
#0 C:\wamp\www\cake\lib\Cake\Network\Email\CakeEmail.php(972): MailTransport->send(Object(CakeEmail))
#1 C:\wamp\www\cake\app\Controller\UserController.php(34): CakeEmail->send()
#2 [internal function]: UserController->Registration()
#3 C:\wamp\www\cake\lib\Cake\Controller\Controller.php(485): ReflectionMethod->invokeArgs(Object(UserController), Array)
#4 C:\wamp\www\cake\lib\Cake\Routing\Dispatcher.php(103): Controller->invokeAction(Object(CakeRequest))
#5 C:\wamp\www\cake\lib\Cake\Routing\Dispatcher.php(85): Dispatcher->_invoke(Object(UserController), Object(CakeRequest), Object(CakeResponse))
#6 C:\wamp\www\cake\app\webroot\index.php(96): Dispatcher->dispatch(Object(CakeRequest), Object(CakeResponse))
#7 {main}
2012-11-29 09:04:39 Error: [SocketException] Could not send email.
#0 C:\wamp\www\cake\lib\Cake\Network\Email\CakeEmail.php(972): MailTransport->send(Object(CakeEmail))
#1 C:\wamp\www\cake\app\Controller\UserController.php(34): CakeEmail->send()
#2 [internal function]: UserController->Registration()
#3 C:\wamp\www\cake\lib\Cake\Controller\Controller.php(485): ReflectionMethod->invokeArgs(Object(UserController), Array)
#4 C:\wamp\www\cake\lib\Cake\Routing\Dispatcher.php(103): Controller->invokeAction(Object(CakeRequest))
#5 C:\wamp\www\cake\lib\Cake\Routing\Dispatcher.php(85): Dispatcher->_invoke(Object(UserController), Object(CakeRequest), Object(CakeResponse))
#6 C:\wamp\www\cake\app\webroot\index.php(96): Dispatcher->dispatch(Object(CakeRequest), Object(CakeResponse))
#7 {main}
2012-11-29 09:20:38 Error: [SocketException] Could not send email.
#0 C:\wamp\www\cake\lib\Cake\Network\Email\CakeEmail.php(972): MailTransport->send(Object(CakeEmail))
#1 C:\wamp\www\cake\app\Controller\UserController.php(34): CakeEmail->send()
#2 [internal function]: UserController->Registration()
#3 C:\wamp\www\cake\lib\Cake\Controller\Controller.php(485): ReflectionMethod->invokeArgs(Object(UserController), Array)
#4 C:\wamp\www\cake\lib\Cake\Routing\Dispatcher.php(103): Controller->invokeAction(Object(CakeRequest))
#5 C:\wamp\www\cake\lib\Cake\Routing\Dispatcher.php(85): Dispatcher->_invoke(Object(UserController), Object(CakeRequest), Object(CakeResponse))
#6 C:\wamp\www\cake\app\webroot\index.php(96): Dispatcher->dispatch(Object(CakeRequest), Object(CakeResponse))
#7 {main}
2012-11-29 09:24:27 Error: [SocketException] Could not send email.
#0 C:\wamp\www\cake\lib\Cake\Network\Email\CakeEmail.php(972): MailTransport->send(Object(CakeEmail))
#1 C:\wamp\www\cake\app\Controller\UserController.php(34): CakeEmail->send()
#2 [internal function]: UserController->Registration()
#3 C:\wamp\www\cake\lib\Cake\Controller\Controller.php(485): ReflectionMethod->invokeArgs(Object(UserController), Array)
#4 C:\wamp\www\cake\lib\Cake\Routing\Dispatcher.php(103): Controller->invokeAction(Object(CakeRequest))
#5 C:\wamp\www\cake\lib\Cake\Routing\Dispatcher.php(85): Dispatcher->_invoke(Object(UserController), Object(CakeRequest), Object(CakeResponse))
#6 C:\wamp\www\cake\app\webroot\index.php(96): Dispatcher->dispatch(Object(CakeRequest), Object(CakeResponse))
#7 {main}
2012-11-29 09:29:02 Error: [SocketException] Could not send email.
#0 C:\wamp\www\cake\lib\Cake\Network\Email\CakeEmail.php(972): MailTransport->send(Object(CakeEmail))
#1 C:\wamp\www\cake\app\Controller\UserController.php(34): CakeEmail->send()
#2 [internal function]: UserController->Registration()
#3 C:\wamp\www\cake\lib\Cake\Controller\Controller.php(485): ReflectionMethod->invokeArgs(Object(UserController), Array)
#4 C:\wamp\www\cake\lib\Cake\Routing\Dispatcher.php(103): Controller->invokeAction(Object(CakeRequest))
#5 C:\wamp\www\cake\lib\Cake\Routing\Dispatcher.php(85): Dispatcher->_invoke(Object(UserController), Object(CakeRequest), Object(CakeResponse))
#6 C:\wamp\www\cake\app\webroot\index.php(96): Dispatcher->dispatch(Object(CakeRequest), Object(CakeResponse))
#7 {main}
2012-11-29 10:35:29 Error: [MissingTableException] Table users for model User was not found in datasource default.
#0 C:\wamp\www\cake\lib\Cake\Model\Model.php(3398): Model->setSource('users')
#1 C:\wamp\www\cake\lib\Cake\Model\Model.php(1276): Model->getDataSource()
#2 C:\wamp\www\cake\lib\Cake\View\Helper\FormHelper.php(191): Model->schema()
#3 C:\wamp\www\cake\lib\Cake\View\Helper\FormHelper.php(444): FormHelper->_introspectModel('User', 'fields')
#4 C:\wamp\www\cake\app\View\User\Registration.ctp(4): FormHelper->create('User')
#5 C:\wamp\www\cake\lib\Cake\View\View.php(908): include('C:\wamp\www\cak...')
#6 C:\wamp\www\cake\lib\Cake\View\View.php(872): View->_evaluate('C:\wamp\www\cak...', Array)
#7 C:\wamp\www\cake\lib\Cake\View\View.php(463): View->_render('C:\wamp\www\cak...')
#8 C:\wamp\www\cake\lib\Cake\Controller\Controller.php(959): View->render(NULL, NULL)
#9 C:\wamp\www\cake\lib\Cake\Routing\Dispatcher.php(110): Controller->render()
#10 C:\wamp\www\cake\lib\Cake\Routing\Dispatcher.php(85): Dispatcher->_invoke(Object(UserController), Object(CakeRequest), Object(CakeResponse))
#11 C:\wamp\www\cake\app\webroot\index.php(96): Dispatcher->dispatch(Object(CakeRequest), Object(CakeResponse))
#12 {main}
2012-11-29 11:04:21 Error: [SocketException] Could not send email.
#0 C:\wamp\www\cake\lib\Cake\Network\Email\CakeEmail.php(972): MailTransport->send(Object(CakeEmail))
#1 C:\wamp\www\cake\app\Controller\UserController.php(34): CakeEmail->send()
#2 [internal function]: UserController->Registration()
#3 C:\wamp\www\cake\lib\Cake\Controller\Controller.php(485): ReflectionMethod->invokeArgs(Object(UserController), Array)
#4 C:\wamp\www\cake\lib\Cake\Routing\Dispatcher.php(103): Controller->invokeAction(Object(CakeRequest))
#5 C:\wamp\www\cake\lib\Cake\Routing\Dispatcher.php(85): Dispatcher->_invoke(Object(UserController), Object(CakeRequest), Object(CakeResponse))
#6 C:\wamp\www\cake\app\webroot\index.php(96): Dispatcher->dispatch(Object(CakeRequest), Object(CakeResponse))
#7 {main}
2012-11-29 13:14:24 Error: [SocketException] Could not send email.
#0 C:\wamp\www\cake\lib\Cake\Network\Email\CakeEmail.php(972): MailTransport->send(Object(CakeEmail))
#1 C:\wamp\www\cake\app\Controller\UserController.php(34): CakeEmail->send()
#2 [internal function]: UserController->Registration()
#3 C:\wamp\www\cake\lib\Cake\Controller\Controller.php(485): ReflectionMethod->invokeArgs(Object(UserController), Array)
#4 C:\wamp\www\cake\lib\Cake\Routing\Dispatcher.php(103): Controller->invokeAction(Object(CakeRequest))
#5 C:\wamp\www\cake\lib\Cake\Routing\Dispatcher.php(85): Dispatcher->_invoke(Object(UserController), Object(CakeRequest), Object(CakeResponse))
#6 C:\wamp\www\cake\app\webroot\index.php(96): Dispatcher->dispatch(Object(CakeRequest), Object(CakeResponse))
#7 {main}
2012-11-29 15:38:37 Error: [MissingActionException] Action UserController::registratio() could not be found.
#0 C:\wamp\www\cake\lib\Cake\Routing\Dispatcher.php(103): Controller->invokeAction(Object(CakeRequest))
#1 C:\wamp\www\cake\lib\Cake\Routing\Dispatcher.php(85): Dispatcher->_invoke(Object(UserController), Object(CakeRequest), Object(CakeResponse))
#2 C:\wamp\www\cake\app\webroot\index.php(96): Dispatcher->dispatch(Object(CakeRequest), Object(CakeResponse))
#3 {main}
2012-11-30 08:08:59 Error: [MissingControllerException] Controller class UsersController could not be found.
#0 C:\wamp\www\cake\app\webroot\index.php(96): Dispatcher->dispatch(Object(CakeRequest), Object(CakeResponse))
#1 {main}
2012-11-30 08:27:08 Error: [MissingControllerException] Controller class UsersController could not be found.
#0 C:\wamp\www\cake\app\webroot\index.php(96): Dispatcher->dispatch(Object(CakeRequest), Object(CakeResponse))
#1 {main}
2012-11-30 08:27:25 Error: [MissingControllerException] Controller class UsersController could not be found.
#0 C:\wamp\www\cake\app\webroot\index.php(96): Dispatcher->dispatch(Object(CakeRequest), Object(CakeResponse))
#1 {main}
2012-11-30 08:27:27 Error: [MissingControllerException] Controller class UsersController could not be found.
#0 C:\wamp\www\cake\app\webroot\index.php(96): Dispatcher->dispatch(Object(CakeRequest), Object(CakeResponse))
#1 {main}
2012-11-30 08:29:32 Error: [MissingViewException] View file "C:\wamp\www\cake\app\View\User\registration.ctp" is missing.
#0 C:\wamp\www\cake\lib\Cake\View\View.php(460): View->_getViewFileName(NULL)
#1 C:\wamp\www\cake\lib\Cake\Controller\Controller.php(959): View->render(NULL, NULL)
#2 C:\wamp\www\cake\lib\Cake\Routing\Dispatcher.php(110): Controller->render()
#3 C:\wamp\www\cake\lib\Cake\Routing\Dispatcher.php(85): Dispatcher->_invoke(Object(UsersController), Object(CakeRequest), Object(CakeResponse))
#4 C:\wamp\www\cake\app\webroot\index.php(96): Dispatcher->dispatch(Object(CakeRequest), Object(CakeResponse))
#5 {main}
2012-11-30 08:31:48 Error: [MissingControllerException] Controller class UserController could not be found.
#0 C:\wamp\www\cake\app\webroot\index.php(96): Dispatcher->dispatch(Object(CakeRequest), Object(CakeResponse))
#1 {main}
2012-11-30 08:34:13 Error: [MissingViewException] View file "C:\wamp\www\cake\app\View\Users\registration.ctp" is missing.
#0 C:\wamp\www\cake\lib\Cake\View\View.php(460): View->_getViewFileName(NULL)
#1 C:\wamp\www\cake\lib\Cake\Controller\Controller.php(959): View->render(NULL, NULL)
#2 C:\wamp\www\cake\lib\Cake\Routing\Dispatcher.php(110): Controller->render()
#3 C:\wamp\www\cake\lib\Cake\Routing\Dispatcher.php(85): Dispatcher->_invoke(Object(UsersController), Object(CakeRequest), Object(CakeResponse))
#4 C:\wamp\www\cake\app\webroot\index.php(96): Dispatcher->dispatch(Object(CakeRequest), Object(CakeResponse))
#5 {main}
2012-12-03 07:45:14 Error: [PDOException] SQLSTATE[42S22]: Column not found: 1054 Unknown column 'User.id' in 'where clause'
#0 C:\wamp\www\cake\lib\Cake\Model\Datasource\DboSource.php(437): PDOStatement->execute(Array)
#1 C:\wamp\www\cake\lib\Cake\Model\Datasource\DboSource.php(403): DboSource->_execute('SELECT COUNT(*)...', Array)
#2 C:\wamp\www\cake\lib\Cake\Model\Datasource\DboSource.php(647): DboSource->execute('SELECT COUNT(*)...', Array, Array)
#3 C:\wamp\www\cake\lib\Cake\Model\Datasource\DboSource.php(1058): DboSource->fetchAll('SELECT COUNT(*)...', false)
#4 C:\wamp\www\cake\lib\Cake\Model\Model.php(2653): DboSource->read(Object(User), Array)
#5 C:\wamp\www\cake\lib\Cake\Model\Model.php(2578): Model->find('count', Array)
#6 C:\wamp\www\cake\lib\Cake\Model\Model.php(1607): Model->exists()
#7 C:\wamp\www\cake\lib\Cake\Model\Model.php(1555): Model->save(Array, Array)
#8 C:\wamp\www\cake\app\Controller\UsersController.php(53): Model->saveField('active', 1)
#9 [internal function]: UsersController->activate('-9ec05219b62ba5...')
#10 C:\wamp\www\cake\lib\Cake\Controller\Controller.php(485): ReflectionMethod->invokeArgs(Object(UsersController), Array)
#11 C:\wamp\www\cake\lib\Cake\Routing\Dispatcher.php(103): Controller->invokeAction(Object(CakeRequest))
#12 C:\wamp\www\cake\lib\Cake\Routing\Dispatcher.php(85): Dispatcher->_invoke(Object(UsersController), Object(CakeRequest), Object(CakeResponse))
#13 C:\wamp\www\cake\app\webroot\index.php(96): Dispatcher->dispatch(Object(CakeRequest), Object(CakeResponse))
#14 {main}
2012-12-03 10:10:15 Error: [PDOException] SQLSTATE[42S22]: Column not found: 1054 Unknown column 'User.UserId' in 'field list'
#0 C:\wamp\www\cake\lib\Cake\Model\Datasource\DboSource.php(437): PDOStatement->execute(Array)
#1 C:\wamp\www\cake\lib\Cake\Model\Datasource\DboSource.php(403): DboSource->_execute('SELECT `User`.`...', Array)
#2 C:\wamp\www\cake\lib\Cake\Model\Datasource\DboSource.php(647): DboSource->execute('SELECT `User`.`...', Array, Array)
#3 C:\wamp\www\cake\lib\Cake\Model\Datasource\DboSource.php(1058): DboSource->fetchAll('SELECT `User`.`...', false)
#4 C:\wamp\www\cake\lib\Cake\Model\Model.php(2653): DboSource->read(Object(User), Array)
#5 C:\wamp\www\cake\lib\Cake\Model\Model.php(1516): Model->find('first', Array)
#6 C:\wamp\www\cake\app\Controller\UsersController.php(24): Model->field('UserId')
#7 [internal function]: UsersController->Registration()
#8 C:\wamp\www\cake\lib\Cake\Controller\Controller.php(485): ReflectionMethod->invokeArgs(Object(UsersController), Array)
#9 C:\wamp\www\cake\lib\Cake\Routing\Dispatcher.php(103): Controller->invokeAction(Object(CakeRequest))
#10 C:\wamp\www\cake\lib\Cake\Routing\Dispatcher.php(85): Dispatcher->_invoke(Object(UsersController), Object(CakeRequest), Object(CakeResponse))
#11 C:\wamp\www\cake\app\webroot\index.php(96): Dispatcher->dispatch(Object(CakeRequest), Object(CakeResponse))
#12 {main}
2012-12-03 10:11:20 Error: [PDOException] SQLSTATE[42S22]: Column not found: 1054 Unknown column 'User.id' in 'where clause'
#0 C:\wamp\www\cake\lib\Cake\Model\Datasource\DboSource.php(437): PDOStatement->execute(Array)
#1 C:\wamp\www\cake\lib\Cake\Model\Datasource\DboSource.php(403): DboSource->_execute('SELECT `User`.`...', Array)
#2 C:\wamp\www\cake\lib\Cake\Model\Datasource\DboSource.php(647): DboSource->execute('SELECT `User`.`...', Array, Array)
#3 C:\wamp\www\cake\lib\Cake\Model\Datasource\DboSource.php(1058): DboSource->fetchAll('SELECT `User`.`...', false)
#4 C:\wamp\www\cake\lib\Cake\Model\Model.php(2653): DboSource->read(Object(User), Array)
#5 C:\wamp\www\cake\lib\Cake\Model\Model.php(1516): Model->find('first', Array)
#6 C:\wamp\www\cake\app\Controller\UsersController.php(24): Model->field('IdUser')
#7 [internal function]: UsersController->Registration()
#8 C:\wamp\www\cake\lib\Cake\Controller\Controller.php(485): ReflectionMethod->invokeArgs(Object(UsersController), Array)
#9 C:\wamp\www\cake\lib\Cake\Routing\Dispatcher.php(103): Controller->invokeAction(Object(CakeRequest))
#10 C:\wamp\www\cake\lib\Cake\Routing\Dispatcher.php(85): Dispatcher->_invoke(Object(UsersController), Object(CakeRequest), Object(CakeResponse))
#11 C:\wamp\www\cake\app\webroot\index.php(96): Dispatcher->dispatch(Object(CakeRequest), Object(CakeResponse))
#12 {main}
2012-12-03 10:15:56 Error: [PDOException] SQLSTATE[42S22]: Column not found: 1054 Unknown column 'IdUser' in 'where clause'
#0 C:\wamp\www\cake\lib\Cake\Model\Datasource\DboSource.php(437): PDOStatement->execute(Array)
#1 C:\wamp\www\cake\lib\Cake\Model\Datasource\DboSource.php(403): DboSource->_execute('SELECT `User`.`...', Array)
#2 C:\wamp\www\cake\lib\Cake\Model\Datasource\DboSource.php(647): DboSource->execute('SELECT `User`.`...', Array, Array)
#3 C:\wamp\www\cake\lib\Cake\Model\Datasource\DboSource.php(1058): DboSource->fetchAll('SELECT `User`.`...', false)
#4 C:\wamp\www\cake\lib\Cake\Model\Model.php(2653): DboSource->read(Object(User), Array)
#5 C:\wamp\www\cake\app\Controller\UsersController.php(51): Model->find('first', Array)
#6 [internal function]: UsersController->activate('31-d41d8cd98f00...')
#7 C:\wamp\www\cake\lib\Cake\Controller\Controller.php(485): ReflectionMethod->invokeArgs(Object(UsersController), Array)
#8 C:\wamp\www\cake\lib\Cake\Routing\Dispatcher.php(103): Controller->invokeAction(Object(CakeRequest))
#9 C:\wamp\www\cake\lib\Cake\Routing\Dispatcher.php(85): Dispatcher->_invoke(Object(UsersController), Object(CakeRequest), Object(CakeResponse))
#10 C:\wamp\www\cake\app\webroot\index.php(96): Dispatcher->dispatch(Object(CakeRequest), Object(CakeResponse))
#11 {main}
2012-12-03 14:29:05 Error: [PDOException] SQLSTATE[42S22]: Column not found: 1054 Unknown column 'id' in 'where clause'
#0 C:\wamp\www\cake\lib\Cake\Model\Datasource\DboSource.php(437): PDOStatement->execute(Array)
#1 C:\wamp\www\cake\lib\Cake\Model\Datasource\DboSource.php(403): DboSource->_execute('SELECT `User`.`...', Array)
#2 C:\wamp\www\cake\lib\Cake\Model\Datasource\DboSource.php(647): DboSource->execute('SELECT `User`.`...', Array, Array)
#3 C:\wamp\www\cake\lib\Cake\Model\Datasource\DboSource.php(1058): DboSource->fetchAll('SELECT `User`.`...', false)
#4 C:\wamp\www\cake\lib\Cake\Model\Model.php(2653): DboSource->read(Object(User), Array)
#5 C:\wamp\www\cake\app\Controller\UsersController.php(50): Model->find('first', Array)
#6 [internal function]: UsersController->activate('-9ec05219b62ba5...')
#7 C:\wamp\www\cake\lib\Cake\Controller\Controller.php(485): ReflectionMethod->invokeArgs(Object(UsersController), Array)
#8 C:\wamp\www\cake\lib\Cake\Routing\Dispatcher.php(103): Controller->invokeAction(Object(CakeRequest))
#9 C:\wamp\www\cake\lib\Cake\Routing\Dispatcher.php(85): Dispatcher->_invoke(Object(UsersController), Object(CakeRequest), Object(CakeResponse))
#10 C:\wamp\www\cake\app\webroot\index.php(96): Dispatcher->dispatch(Object(CakeRequest), Object(CakeResponse))
#11 {main}
2012-12-03 15:25:06 Error: [MissingControllerException] Controller class UserController could not be found.
#0 C:\wamp\www\cake\app\webroot\index.php(96): Dispatcher->dispatch(Object(CakeRequest), Object(CakeResponse))
#1 {main}
2012-12-03 16:10:41 Error: [MissingViewException] View file "C:\wamp\www\cake\app\View\Users\logout.ctp" is missing.
#0 C:\wamp\www\cake\lib\Cake\View\View.php(460): View->_getViewFileName(NULL)
#1 C:\wamp\www\cake\lib\Cake\Controller\Controller.php(959): View->render(NULL, NULL)
#2 C:\wamp\www\cake\lib\Cake\Routing\Dispatcher.php(110): Controller->render()
#3 C:\wamp\www\cake\lib\Cake\Routing\Dispatcher.php(85): Dispatcher->_invoke(Object(UsersController), Object(CakeRequest), Object(CakeResponse))
#4 C:\wamp\www\cake\app\webroot\index.php(96): Dispatcher->dispatch(Object(CakeRequest), Object(CakeResponse))
#5 {main}
2012-12-03 16:30:14 Error: [MissingActionException] Action UsersController::login() could not be found.
#0 C:\wamp\www\cake\lib\Cake\Routing\Dispatcher.php(103): Controller->invokeAction(Object(CakeRequest))
#1 C:\wamp\www\cake\lib\Cake\Routing\Dispatcher.php(85): Dispatcher->_invoke(Object(UsersController), Object(CakeRequest), Object(CakeResponse))
#2 C:\wamp\www\cake\app\webroot\index.php(96): Dispatcher->dispatch(Object(CakeRequest), Object(CakeResponse))
#3 {main}
2012-12-05 17:24:06 Error: [MissingActionException] Action UsersController::edit() could not be found.
#0 C:\wamp\www\cake\lib\Cake\Routing\Dispatcher.php(103): Controller->invokeAction(Object(CakeRequest))
#1 C:\wamp\www\cake\lib\Cake\Routing\Dispatcher.php(85): Dispatcher->_invoke(Object(UsersController), Object(CakeRequest), Object(CakeResponse))
#2 C:\wamp\www\cake\app\webroot\index.php(96): Dispatcher->dispatch(Object(CakeRequest), Object(CakeResponse))
#3 {main}
2012-12-05 17:24:11 Error: [MissingActionException] Action UsersController::logout() could not be found.
#0 C:\wamp\www\cake\lib\Cake\Routing\Dispatcher.php(103): Controller->invokeAction(Object(CakeRequest))
#1 C:\wamp\www\cake\lib\Cake\Routing\Dispatcher.php(85): Dispatcher->_invoke(Object(UsersController), Object(CakeRequest), Object(CakeResponse))
#2 C:\wamp\www\cake\app\webroot\index.php(96): Dispatcher->dispatch(Object(CakeRequest), Object(CakeResponse))
#3 {main}
2012-12-06 16:13:10 Error: [PDOException] SQLSTATE[42000]: Syntax error or access violation: 1064 You have an error in your SQL syntax; check the manual that corresponds to your MySQL server version for the right syntax to use near 'LIMIT 1' at line 1
#0 C:\wamp\www\cake\lib\Cake\Model\Datasource\DboSource.php(437): PDOStatement->execute(Array)
#1 C:\wamp\www\cake\lib\Cake\Model\Datasource\DboSource.php(403): DboSource->_execute('SELECT `User`.`...', Array)
#2 C:\wamp\www\cake\lib\Cake\Model\Datasource\DboSource.php(647): DboSource->execute('SELECT `User`.`...', Array, Array)
#3 C:\wamp\www\cake\lib\Cake\Model\Datasource\DboSource.php(1058): DboSource->fetchAll('SELECT `User`.`...', false)
#4 C:\wamp\www\cake\lib\Cake\Model\Model.php(2653): DboSource->read(Object(User), Array)
#5 C:\wamp\www\cake\app\Controller\UsersController.php(176): Model->find('first', Array)
#6 [internal function]: UsersController->password()
#7 C:\wamp\www\cake\lib\Cake\Controller\Controller.php(485): ReflectionMethod->invokeArgs(Object(UsersController), Array)
#8 C:\wamp\www\cake\lib\Cake\Routing\Dispatcher.php(103): Controller->invokeAction(Object(CakeRequest))
#9 C:\wamp\www\cake\lib\Cake\Routing\Dispatcher.php(85): Dispatcher->_invoke(Object(UsersController), Object(CakeRequest), Object(CakeResponse))
#10 C:\wamp\www\cake\app\webroot\index.php(96): Dispatcher->dispatch(Object(CakeRequest), Object(CakeResponse))
#11 {main}
2012-12-06 16:26:23 Error: [PDOException] SQLSTATE[42S22]: Column not found: 1054 Unknown column 'User.password' in 'where clause'
#0 C:\wamp\www\cake\lib\Cake\Model\Datasource\DboSource.php(437): PDOStatement->execute(Array)
#1 C:\wamp\www\cake\lib\Cake\Model\Datasource\DboSource.php(403): DboSource->_execute('SELECT `User`.`...', Array)
#2 C:\wamp\www\cake\lib\Cake\Model\Datasource\DboSource.php(647): DboSource->execute('SELECT `User`.`...', Array, Array)
#3 C:\wamp\www\cake\lib\Cake\Model\Datasource\DboSource.php(1058): DboSource->fetchAll('SELECT `User`.`...', false)
#4 C:\wamp\www\cake\lib\Cake\Model\Model.php(2653): DboSource->read(Object(User), Array)
#5 C:\wamp\www\cake\app\Controller\UsersController.php(176): Model->find('first', Array)
#6 [internal function]: UsersController->password()
#7 C:\wamp\www\cake\lib\Cake\Controller\Controller.php(485): ReflectionMethod->invokeArgs(Object(UsersController), Array)
#8 C:\wamp\www\cake\lib\Cake\Routing\Dispatcher.php(103): Controller->invokeAction(Object(CakeRequest))
#9 C:\wamp\www\cake\lib\Cake\Routing\Dispatcher.php(85): Dispatcher->_invoke(Object(UsersController), Object(CakeRequest), Object(CakeResponse))
#10 C:\wamp\www\cake\app\webroot\index.php(96): Dispatcher->dispatch(Object(CakeRequest), Object(CakeResponse))
#11 {main}
2012-12-07 15:37:08 Error: [CakeException] Authentication adapter "scope" was not found.
#0 C:\wamp\www\guide\guide\lib\Cake\Controller\Component\AuthComponent.php(633): AuthComponent->constructAuthenticate()
#1 C:\wamp\www\guide\guide\lib\Cake\Controller\Component\AuthComponent.php(510): AuthComponent->identify(Object(CakeRequest), Object(CakeResponse))
#2 C:\wamp\www\guide\guide\app\Controller\UsersController.php(115): AuthComponent->login()
#3 [internal function]: UsersController->login()
#4 C:\wamp\www\guide\guide\lib\Cake\Controller\Controller.php(485): ReflectionMethod->invokeArgs(Object(UsersController), Array)
#5 C:\wamp\www\guide\guide\lib\Cake\Routing\Dispatcher.php(103): Controller->invokeAction(Object(CakeRequest))
#6 C:\wamp\www\guide\guide\lib\Cake\Routing\Dispatcher.php(85): Dispatcher->_invoke(Object(UsersController), Object(CakeRequest), Object(CakeResponse))
#7 C:\wamp\www\guide\guide\app\webroot\index.php(96): Dispatcher->dispatch(Object(CakeRequest), Object(CakeResponse))
#8 {main}
2012-12-07 15:38:20 Error: [CakeException] Authentication adapter "scope" was not found.
#0 C:\wamp\www\guide\guide\lib\Cake\Controller\Component\AuthComponent.php(533): AuthComponent->constructAuthenticate()
#1 C:\wamp\www\guide\guide\app\Controller\UsersController.php(138): AuthComponent->logout()
#2 [internal function]: UsersController->logout()
#3 C:\wamp\www\guide\guide\lib\Cake\Controller\Controller.php(485): ReflectionMethod->invokeArgs(Object(UsersController), Array)
#4 C:\wamp\www\guide\guide\lib\Cake\Routing\Dispatcher.php(103): Controller->invokeAction(Object(CakeRequest))
#5 C:\wamp\www\guide\guide\lib\Cake\Routing\Dispatcher.php(85): Dispatcher->_invoke(Object(UsersController), Object(CakeRequest), Object(CakeResponse))
#6 C:\wamp\www\guide\guide\app\webroot\index.php(96): Dispatcher->dispatch(Object(CakeRequest), Object(CakeResponse))
#7 {main}
2012-12-13 14:39:11 Error: [MissingConnectionException] Database connection "SQLSTATE[42000] [1049] Unknown database 'test'" is missing, or could not be created.
#0 C:\wamp\www\guide\guide\lib\Cake\Model\Datasource\DboSource.php(245): Mysql->connect()
#1 C:\wamp\www\guide\guide\lib\Cake\Model\ConnectionManager.php(101): DboSource->__construct(Array)
#2 C:\wamp\www\guide\guide\lib\Cake\Model\Model.php(3372): ConnectionManager::getDataSource('default')
#3 C:\wamp\www\guide\guide\lib\Cake\Model\Model.php(1083): Model->setDataSource('default')
#4 C:\wamp\www\guide\guide\lib\Cake\Model\Model.php(3398): Model->setSource('users')
#5 C:\wamp\www\guide\guide\lib\Cake\Model\Model.php(1276): Model->getDataSource()
#6 C:\wamp\www\guide\guide\lib\Cake\View\Helper\FormHelper.php(191): Model->schema()
#7 C:\wamp\www\guide\guide\lib\Cake\View\Helper\FormHelper.php(444): FormHelper->_introspectModel('User', 'fields')
#8 C:\wamp\www\guide\guide\app\View\Users\Registration.ctp(4): FormHelper->create('User')
#9 C:\wamp\www\guide\guide\lib\Cake\View\View.php(908): include('C:\wamp\www\gui...')
#10 C:\wamp\www\guide\guide\lib\Cake\View\View.php(872): View->_evaluate('C:\wamp\www\gui...', Array)
#11 C:\wamp\www\guide\guide\lib\Cake\View\View.php(463): View->_render('C:\wamp\www\gui...')
#12 C:\wamp\www\guide\guide\lib\Cake\Controller\Controller.php(959): View->render(NULL, NULL)
#13 C:\wamp\www\guide\guide\lib\Cake\Routing\Dispatcher.php(110): Controller->render()
#14 C:\wamp\www\guide\guide\lib\Cake\Routing\Dispatcher.php(85): Dispatcher->_invoke(Object(UsersController), Object(CakeRequest), Object(CakeResponse))
#15 C:\wamp\www\guide\guide\app\webroot\index.php(96): Dispatcher->dispatch(Object(CakeRequest), Object(CakeResponse))
#16 {main}
2012-12-13 15:40:05 Error: [PDOException] SQLSTATE[HY000]: General error: 1364 Field 'langue_id' doesn't have a default value
#0 C:\wamp\www\guide\guide\lib\Cake\Model\Datasource\DboSource.php(437): PDOStatement->execute(Array)
#1 C:\wamp\www\guide\guide\lib\Cake\Model\Datasource\DboSource.php(403): DboSource->_execute('INSERT INTO `te...', Array)
#2 C:\wamp\www\guide\guide\lib\Cake\Model\Datasource\DboSource.php(985): DboSource->execute('INSERT INTO `te...')
#3 C:\wamp\www\guide\guide\lib\Cake\Model\Model.php(1703): DboSource->create(Object(User), Array, Array)
#4 C:\wamp\www\guide\guide\app\Controller\UsersController.php(69): Model->save(Array, true, Array)
#5 [internal function]: UsersController->Registration()
#6 C:\wamp\www\guide\guide\lib\Cake\Controller\Controller.php(485): ReflectionMethod->invokeArgs(Object(UsersController), Array)
#7 C:\wamp\www\guide\guide\lib\Cake\Routing\Dispatcher.php(103): Controller->invokeAction(Object(CakeRequest))
#8 C:\wamp\www\guide\guide\lib\Cake\Routing\Dispatcher.php(85): Dispatcher->_invoke(Object(UsersController), Object(CakeRequest), Object(CakeResponse))
#9 C:\wamp\www\guide\guide\app\webroot\index.php(96): Dispatcher->dispatch(Object(CakeRequest), Object(CakeResponse))
#10 {main}
2012-12-13 15:42:08 Error: [PDOException] SQLSTATE[HY000]: General error: 1364 Field 'langue_id' doesn't have a default value
#0 C:\wamp\www\guide\guide\lib\Cake\Model\Datasource\DboSource.php(437): PDOStatement->execute(Array)
#1 C:\wamp\www\guide\guide\lib\Cake\Model\Datasource\DboSource.php(403): DboSource->_execute('INSERT INTO `te...', Array)
#2 C:\wamp\www\guide\guide\lib\Cake\Model\Datasource\DboSource.php(985): DboSource->execute('INSERT INTO `te...')
#3 C:\wamp\www\guide\guide\lib\Cake\Model\Model.php(1703): DboSource->create(Object(User), Array, Array)
#4 C:\wamp\www\guide\guide\app\Controller\UsersController.php(69): Model->save(Array, true, Array)
#5 [internal function]: UsersController->Registration()
#6 C:\wamp\www\guide\guide\lib\Cake\Controller\Controller.php(485): ReflectionMethod->invokeArgs(Object(UsersController), Array)
#7 C:\wamp\www\guide\guide\lib\Cake\Routing\Dispatcher.php(103): Controller->invokeAction(Object(CakeRequest))
#8 C:\wamp\www\guide\guide\lib\Cake\Routing\Dispatcher.php(85): Dispatcher->_invoke(Object(UsersController), Object(CakeRequest), Object(CakeResponse))
#9 C:\wamp\www\guide\guide\app\webroot\index.php(96): Dispatcher->dispatch(Object(CakeRequest), Object(CakeResponse))
#10 {main}
2012-12-13 15:50:11 Error: [SocketException] Unable to find the socket transport "ssl" - did you forget to enable it when you configured PHP?
#0 C:\wamp\www\guide\guide\lib\Cake\Network\Email\SmtpTransport.php(95): CakeSocket->connect()
#1 C:\wamp\www\guide\guide\lib\Cake\Network\Email\SmtpTransport.php(60): SmtpTransport->_connect()
#2 C:\wamp\www\guide\guide\lib\Cake\Network\Email\CakeEmail.php(972): SmtpTransport->send(Object(CakeEmail))
#3 C:\wamp\www\guide\guide\app\Controller\UsersController.php(84): CakeEmail->send()
#4 [internal function]: UsersController->Registration()
#5 C:\wamp\www\guide\guide\lib\Cake\Controller\Controller.php(485): ReflectionMethod->invokeArgs(Object(UsersController), Array)
#6 C:\wamp\www\guide\guide\lib\Cake\Routing\Dispatcher.php(103): Controller->invokeAction(Object(CakeRequest))
#7 C:\wamp\www\guide\guide\lib\Cake\Routing\Dispatcher.php(85): Dispatcher->_invoke(Object(UsersController), Object(CakeRequest), Object(CakeResponse))
#8 C:\wamp\www\guide\guide\app\webroot\index.php(96): Dispatcher->dispatch(Object(CakeRequest), Object(CakeResponse))
#9 {main}
2012-12-13 15:51:41 Error: [SocketException] Unable to find the socket transport "ssl" - did you forget to enable it when you configured PHP?
#0 C:\wamp\www\guide\guide\lib\Cake\Network\Email\SmtpTransport.php(95): CakeSocket->connect()
#1 C:\wamp\www\guide\guide\lib\Cake\Network\Email\SmtpTransport.php(60): SmtpTransport->_connect()
#2 C:\wamp\www\guide\guide\lib\Cake\Network\Email\CakeEmail.php(972): SmtpTransport->send(Object(CakeEmail))
#3 C:\wamp\www\guide\guide\app\Controller\UsersController.php(84): CakeEmail->send()
#4 [internal function]: UsersController->Registration()
#5 C:\wamp\www\guide\guide\lib\Cake\Controller\Controller.php(485): ReflectionMethod->invokeArgs(Object(UsersController), Array)
#6 C:\wamp\www\guide\guide\lib\Cake\Routing\Dispatcher.php(103): Controller->invokeAction(Object(CakeRequest))
#7 C:\wamp\www\guide\guide\lib\Cake\Routing\Dispatcher.php(85): Dispatcher->_invoke(Object(UsersController), Object(CakeRequest), Object(CakeResponse))
#8 C:\wamp\www\guide\guide\app\webroot\index.php(96): Dispatcher->dispatch(Object(CakeRequest), Object(CakeResponse))
#9 {main}
2012-12-13 15:52:42 Error: [SocketException] Unable to find the socket transport "ssl" - did you forget to enable it when you configured PHP?
#0 C:\wamp\www\guide\guide\lib\Cake\Network\Email\SmtpTransport.php(95): CakeSocket->connect()
#1 C:\wamp\www\guide\guide\lib\Cake\Network\Email\SmtpTransport.php(60): SmtpTransport->_connect()
#2 C:\wamp\www\guide\guide\lib\Cake\Network\Email\CakeEmail.php(972): SmtpTransport->send(Object(CakeEmail))
#3 C:\wamp\www\guide\guide\app\Controller\UsersController.php(84): CakeEmail->send()
#4 [internal function]: UsersController->Registration()
#5 C:\wamp\www\guide\guide\lib\Cake\Controller\Controller.php(485): ReflectionMethod->invokeArgs(Object(UsersController), Array)
#6 C:\wamp\www\guide\guide\lib\Cake\Routing\Dispatcher.php(103): Controller->invokeAction(Object(CakeRequest))
#7 C:\wamp\www\guide\guide\lib\Cake\Routing\Dispatcher.php(85): Dispatcher->_invoke(Object(UsersController), Object(CakeRequest), Object(CakeResponse))
#8 C:\wamp\www\guide\guide\app\webroot\index.php(96): Dispatcher->dispatch(Object(CakeRequest), Object(CakeResponse))
#9 {main}
2012-12-13 15:57:00 Error: [SocketException] Unable to find the socket transport "ssl" - did you forget to enable it when you configured PHP?
#0 C:\wamp\www\guide\guide\lib\Cake\Network\Email\SmtpTransport.php(95): CakeSocket->connect()
#1 C:\wamp\www\guide\guide\lib\Cake\Network\Email\SmtpTransport.php(60): SmtpTransport->_connect()
#2 C:\wamp\www\guide\guide\lib\Cake\Network\Email\CakeEmail.php(972): SmtpTransport->send(Object(CakeEmail))
#3 C:\wamp\www\guide\guide\app\Controller\UsersController.php(84): CakeEmail->send()
#4 [internal function]: UsersController->Registration()
#5 C:\wamp\www\guide\guide\lib\Cake\Controller\Controller.php(485): ReflectionMethod->invokeArgs(Object(UsersController), Array)
#6 C:\wamp\www\guide\guide\lib\Cake\Routing\Dispatcher.php(103): Controller->invokeAction(Object(CakeRequest))
#7 C:\wamp\www\guide\guide\lib\Cake\Routing\Dispatcher.php(85): Dispatcher->_invoke(Object(UsersController), Object(CakeRequest), Object(CakeResponse))
#8 C:\wamp\www\guide\guide\app\webroot\index.php(96): Dispatcher->dispatch(Object(CakeRequest), Object(CakeResponse))
#9 {main}
2012-12-13 16:07:55 Error: [SocketException] Unable to find the socket transport "ssl" - did you forget to enable it when you configured PHP?
#0 C:\wamp\www\guide\guide\lib\Cake\Network\Email\SmtpTransport.php(95): CakeSocket->connect()
#1 C:\wamp\www\guide\guide\lib\Cake\Network\Email\SmtpTransport.php(60): SmtpTransport->_connect()
#2 C:\wamp\www\guide\guide\lib\Cake\Network\Email\CakeEmail.php(972): SmtpTransport->send(Object(CakeEmail))
#3 C:\wamp\www\guide\guide\app\Controller\UsersController.php(93): CakeEmail->send()
#4 [internal function]: UsersController->Registration()
#5 C:\wamp\www\guide\guide\lib\Cake\Controller\Controller.php(485): ReflectionMethod->invokeArgs(Object(UsersController), Array)
#6 C:\wamp\www\guide\guide\lib\Cake\Routing\Dispatcher.php(103): Controller->invokeAction(Object(CakeRequest))
#7 C:\wamp\www\guide\guide\lib\Cake\Routing\Dispatcher.php(85): Dispatcher->_invoke(Object(UsersController), Object(CakeRequest), Object(CakeResponse))
#8 C:\wamp\www\guide\guide\app\webroot\index.php(96): Dispatcher->dispatch(Object(CakeRequest), Object(CakeResponse))
#9 {main}
2012-12-13 16:08:51 Error: [SocketException] Unable to find the socket transport "ssl" - did you forget to enable it when you configured PHP?
#0 C:\wamp\www\guide\guide\lib\Cake\Network\Email\SmtpTransport.php(95): CakeSocket->connect()
#1 C:\wamp\www\guide\guide\lib\Cake\Network\Email\SmtpTransport.php(60): SmtpTransport->_connect()
#2 C:\wamp\www\guide\guide\lib\Cake\Network\Email\CakeEmail.php(972): SmtpTransport->send(Object(CakeEmail))
#3 C:\wamp\www\guide\guide\app\Controller\UsersController.php(93): CakeEmail->send()
#4 [internal function]: UsersController->Registration()
#5 C:\wamp\www\guide\guide\lib\Cake\Controller\Controller.php(485): ReflectionMethod->invokeArgs(Object(UsersController), Array)
#6 C:\wamp\www\guide\guide\lib\Cake\Routing\Dispatcher.php(103): Controller->invokeAction(Object(CakeRequest))
#7 C:\wamp\www\guide\guide\lib\Cake\Routing\Dispatcher.php(85): Dispatcher->_invoke(Object(UsersController), Object(CakeRequest), Object(CakeResponse))
#8 C:\wamp\www\guide\guide\app\webroot\index.php(96): Dispatcher->dispatch(Object(CakeRequest), Object(CakeResponse))
#9 {main}
2012-12-13 16:10:01 Error: [SocketException] Unable to find the socket transport "ssl" - did you forget to enable it when you configured PHP?
#0 C:\wamp\www\guide\guide\lib\Cake\Network\Email\SmtpTransport.php(95): CakeSocket->connect()
#1 C:\wamp\www\guide\guide\lib\Cake\Network\Email\SmtpTransport.php(60): SmtpTransport->_connect()
#2 C:\wamp\www\guide\guide\lib\Cake\Network\Email\CakeEmail.php(972): SmtpTransport->send(Object(CakeEmail))
#3 C:\wamp\www\guide\guide\app\Controller\UsersController.php(94): CakeEmail->send()
#4 [internal function]: UsersController->Registration()
#5 C:\wamp\www\guide\guide\lib\Cake\Controller\Controller.php(485): ReflectionMethod->invokeArgs(Object(UsersController), Array)
#6 C:\wamp\www\guide\guide\lib\Cake\Routing\Dispatcher.php(103): Controller->invokeAction(Object(CakeRequest))
#7 C:\wamp\www\guide\guide\lib\Cake\Routing\Dispatcher.php(85): Dispatcher->_invoke(Object(UsersController), Object(CakeRequest), Object(CakeResponse))
#8 C:\wamp\www\guide\guide\app\webroot\index.php(96): Dispatcher->dispatch(Object(CakeRequest), Object(CakeResponse))
#9 {main}
2012-12-13 16:11:09 Error: [SocketException] Unable to find the socket transport "ssl" - did you forget to enable it when you configured PHP?
#0 C:\wamp\www\guide\guide\lib\Cake\Network\Email\SmtpTransport.php(95): CakeSocket->connect()
#1 C:\wamp\www\guide\guide\lib\Cake\Network\Email\SmtpTransport.php(60): SmtpTransport->_connect()
#2 C:\wamp\www\guide\guide\lib\Cake\Network\Email\CakeEmail.php(972): SmtpTransport->send(Object(CakeEmail))
#3 C:\wamp\www\guide\guide\app\Controller\UsersController.php(94): CakeEmail->send()
#4 [internal function]: UsersController->Registration()
#5 C:\wamp\www\guide\guide\lib\Cake\Controller\Controller.php(485): ReflectionMethod->invokeArgs(Object(UsersController), Array)
#6 C:\wamp\www\guide\guide\lib\Cake\Routing\Dispatcher.php(103): Controller->invokeAction(Object(CakeRequest))
#7 C:\wamp\www\guide\guide\lib\Cake\Routing\Dispatcher.php(85): Dispatcher->_invoke(Object(UsersController), Object(CakeRequest), Object(CakeResponse))
#8 C:\wamp\www\guide\guide\app\webroot\index.php(96): Dispatcher->dispatch(Object(CakeRequest), Object(CakeResponse))
#9 {main}
